<?xml version="1.0" encoding="UTF-8" ?>
<testsuite tests="3" failures="0" name="com.mycompany.adriansanchez_ej2_ej.exud4.conversorTest" time="0.02" errors="0" skipped="0">
  <properties>
[...]
</properties>
  <testcase classname="com.mycompany.adriansanchez_ej2_ej.exud4.conversorTest" name="testMain" time="0.02"/>
  <testcase classname="com.mycompany.adriansanchez_ej2_ej.exud4.conversorTest" name="testFahrenheitACelsius" time="0"/>
  <testcase classname="com.mycompany.adriansanchez_ej2_ej.exud4.conversorTest" name="testCelsiusAFahrenheit" time="0"/>
</testsuite>